#
# A fatal error has been detected by the Java Runtime Environment:
#
#  Internal Error (ci/ciEnv.hpp:172), pid=16492, tid=0x0000000000004708
#  Error: ShouldNotReachHere()
#
# JRE version: Java(TM) SE Runtime Environment (8.0_131-b11) (build 1.8.0_131-b11)
# Java VM: Java HotSpot(TM) 64-Bit Server VM (25.131-b11 mixed mode windows-amd64 compressed oops)
# Failed to write core dump. Minidumps are not enabled by default on client versions of Windows
#
# If you would like to submit a bug report, please visit:
#   http://bugreport.java.com/bugreport/crash.jsp
#

---------------  T H R E A D  ---------------

Current thread (0x000000005761c800):  JavaThread "C2 CompilerThread0" daemon [_thread_in_vm, id=18184, stack(0x0000000057ed0000,0x0000000057fd0000)]

Stack: [0x0000000057ed0000,0x0000000057fd0000]
[error occurred during error reporting (printing stack bounds), id 0xc0000005]

Native frames: (J=compiled Java code, j=interpreted, Vv=VM code, C=native code)


Current CompileTask:
C2:5133237 18747       4       groovy.lang.MetaClassImpl::establishStaticMetaProperty (262 bytes)


---------------  P R O C E S S  ---------------

Java Threads: ( => current thread )
  0x000000005959d800 JavaThread "Cache worker for file hash cache (C:\androidworkspace\mvp_frame\.gradle\4.1\fileHashes)" [_thread_blocked, id=15048, stack(0x000000005eb10000,0x000000005ec10000)]
  0x000000005959e000 JavaThread "Stdin handler" [_thread_blocked, id=14968, stack(0x000000005a530000,0x000000005a630000)]
  0x00000000595a0800 JavaThread "Asynchronous log dispatcher for DefaultDaemonConnection: socket connection from /127.0.0.1:8476 to /127.0.0.1:35829" [_thread_blocked, id=17720, stack(0x000000005b3a0000,0x000000005b4a0000)]
  0x000000005959c000 JavaThread "Daemon worker Thread 7" [_thread_in_native, id=17452, stack(0x000000005af30000,0x000000005b030000)]
  0x00000000595a4000 JavaThread "Cancel handler" [_thread_blocked, id=17624, stack(0x000000005ab90000,0x000000005ac90000)]
  0x000000005959f000 JavaThread "Handler for socket connection from /127.0.0.1:8476 to /127.0.0.1:35829" [_thread_in_native, id=15716, stack(0x000000005a650000,0x000000005a750000)]
  0x00000000595a6800 JavaThread "Daemon Thread 7" [_thread_blocked, id=15512, stack(0x000000005a9a0000,0x000000005aaa0000)]
  0x00000000595a2000 JavaThread "Memory manager" [_thread_blocked, id=11520, stack(0x0000000061040000,0x0000000061140000)]
  0x00000000595a1000 JavaThread "pool-1-thread-1" [_thread_blocked, id=16052, stack(0x0000000058b40000,0x0000000058c40000)]
  0x000000005959b000 JavaThread "File lock request listener" [_thread_in_native, id=12376, stack(0x000000005adc0000,0x000000005aec0000)]
  0x000000005959a800 JavaThread "Cache worker for file hash cache (C:\Users\jhren\.gradle\wrapper\dists\gradle-3.3-all\55gk2rcmfc6p2dg9u9ohc3hw9\caches\4.1\fileHashes)" [_thread_blocked, id=11064, stack(0x000000005b260000,0x000000005b360000)]
  0x00000000593be000 JavaThread "Daemon periodic checks" [_thread_blocked, id=16048, stack(0x000000005a3d0000,0x000000005a4d0000)]
  0x00000000593a7000 JavaThread "Incoming local TCP Connector on port 8476" [_thread_in_native, id=11216, stack(0x0000000059d10000,0x0000000059e10000)]
  0x00000000592f3000 JavaThread "Daemon health stats" [_thread_blocked, id=9768, stack(0x0000000059e20000,0x0000000059f20000)]
  0x0000000057699800 JavaThread "Service Thread" daemon [_thread_blocked, id=14892, stack(0x0000000057a60000,0x0000000057b60000)]
  0x0000000057625800 JavaThread "C1 CompilerThread2" daemon [_thread_blocked, id=14052, stack(0x00000000121d0000,0x00000000122d0000)]
  0x0000000057625000 JavaThread "C2 CompilerThread1" daemon [_thread_in_native, id=8724, stack(0x0000000058070000,0x0000000058170000)]
=>0x000000005761c800 JavaThread "C2 CompilerThread0" daemon [_thread_in_vm, id=18184, stack(0x0000000057ed0000,0x0000000057fd0000)]
  0x0000000057608800 JavaThread "Attach Listener" daemon [_thread_blocked, id=18248, stack(0x0000000057d80000,0x0000000057e80000)]
  0x000000005638f800 JavaThread "Signal Dispatcher" daemon [_thread_blocked, id=11804, stack(0x0000000057be0000,0x0000000057ce0000)]
  0x000000005636c800 JavaThread "Finalizer" daemon [_thread_blocked, id=14996, stack(0x0000000057270000,0x0000000057370000)]
  0x0000000056322800 JavaThread "Reference Handler" daemon [_thread_blocked, id=17960, stack(0x0000000057500000,0x0000000057600000)]
  0x000000000245f000 JavaThread "main" [_thread_blocked, id=4400, stack(0x0000000002640000,0x0000000002740000)]

Other Threads:
  0x000000005631d000 VMThread [stack: 0x0000000057370000,0x0000000057470000] [id=13056]
  0x00000000576da800 WatcherThread [stack: 0x0000000058240000,0x0000000058340000] [id=11200]

VM state:not at safepoint (normal execution)

VM Mutex/Monitor currently owned by a thread: None

Heap:
 PSYoungGen      total 270336K, used 193457K [0x00000000e0000000, 0x00000000f5300000, 0x0000000100000000)
  eden space 253440K, 69% used [0x00000000e0000000,0x00000000eacb01b0,0x00000000ef780000)
  from space 16896K, 98% used [0x00000000f4280000,0x00000000f52bc258,0x00000000f5300000)
  to   space 26112K, 0% used [0x00000000f2000000,0x00000000f2000000,0x00000000f3980000)
 ParOldGen       total 144896K, used 70228K [0x00000000a0000000, 0x00000000a8d80000, 0x00000000e0000000)
  object space 144896K, 48% used [0x00000000a0000000,0x00000000a4495228,0x00000000a8d80000)
 Metaspace       used 74249K, capacity 80618K, committed 80640K, reserved 1118208K
  class space    used 9888K, capacity 11247K, committed 11264K, reserved 1048576K

Card table byte_map: [0x0000000011b00000,0x0000000011e10000] byte_map_base: 0x0000000011600000

Marking Bits: (ParMarkBitMap*) 0x0000000070acc720
 Begin Bits: [0x0000000012690000, 0x0000000013e90000)
 End Bits:   [0x0000000013e90000, 0x0000000015690000)

Polling page: 0x0000000000480000

CodeCache: size=245760Kb used=51798Kb max_used=51812Kb free=193961Kb
 bounds [0x0000000002740000, 0x0000000005a30000, 0x0000000011740000]
 total_blobs=15637 nmethods=14818 adapters=729
 compilation: enabled

Compilation events (10 events):
Event: 5132.763 Thread 0x000000005761c800 18743       4       org.objectweb.asm.ClassWriter::visitMethod (24 bytes)
Event: 5132.764 Thread 0x0000000057625000 18744       4       org.objectweb.asm.MethodWriter::getSize (838 bytes)
Event: 5132.776 Thread 0x0000000057625000 nmethod 18744 0x0000000005a18e50 code [0x0000000005a19080, 0x0000000005a19808]
Event: 5132.776 Thread 0x0000000057625000 18746       4       org.objectweb.asm.MethodWriter::put (1602 bytes)
Event: 5132.786 Thread 0x000000005761c800 nmethod 18743 0x0000000005a17090 code [0x0000000005a17260, 0x0000000005a17f78]
Event: 5132.786 Thread 0x000000005761c800 18745       4       org.objectweb.asm.MethodWriter::<init> (268 bytes)
Event: 5132.801 Thread 0x0000000057625800 18748   !   3       java.util.concurrent.ArrayBlockingQueue::offer (55 bytes)
Event: 5132.802 Thread 0x0000000057625800 nmethod 18748 0x0000000005a08410 code [0x0000000005a08600, 0x0000000005a08fb8]
Event: 5132.806 Thread 0x000000005761c800 nmethod 18745 0x0000000005a1e950 code [0x0000000005a1eb20, 0x0000000005a1f7d8]
Event: 5132.806 Thread 0x000000005761c800 18747       4       groovy.lang.MetaClassImpl::establishStaticMetaProperty (262 bytes)

GC Heap History (10 events):
Event: 1288.882 GC heap before
{Heap before GC invocations=21 (full 3):
 PSYoungGen      total 316416K, used 315944K [0x00000000e0000000, 0x00000000f9000000, 0x0000000100000000)
  eden space 307200K, 99% used [0x00000000e0000000,0x00000000f2bfe9f8,0x00000000f2c00000)
  from space 9216K, 94% used [0x00000000f5f00000,0x00000000f678b790,0x00000000f6800000)
  to   space 27136K, 0% used [0x00000000f7580000,0x00000000f7580000,0x00000000f9000000)
 ParOldGen       total 144896K, used 70188K [0x00000000a0000000, 0x00000000a8d80000, 0x00000000e0000000)
  object space 144896K, 48% used [0x00000000a0000000,0x00000000a448b228,0x00000000a8d80000)
 Metaspace       used 73595K, capacity 79686K, committed 79744K, reserved 1118208K
  class space    used 9839K, capacity 11125K, committed 11136K, reserved 1048576K
Event: 1288.923 GC heap after
Heap after GC invocations=21 (full 3):
 PSYoungGen      total 314368K, used 18681K [0x00000000e0000000, 0x00000000f8800000, 0x0000000100000000)
  eden space 295424K, 0% used [0x00000000e0000000,0x00000000e0000000,0x00000000f2080000)
  from space 18944K, 98% used [0x00000000f7580000,0x00000000f87be5a8,0x00000000f8800000)
  to   space 27648K, 0% used [0x00000000f5200000,0x00000000f5200000,0x00000000f6d00000)
 ParOldGen       total 144896K, used 70196K [0x00000000a0000000, 0x00000000a8d80000, 0x00000000e0000000)
  object space 144896K, 48% used [0x00000000a0000000,0x00000000a448d228,0x00000000a8d80000)
 Metaspace       used 73595K, capacity 79686K, committed 79744K, reserved 1118208K
  class space    used 9839K, capacity 11125K, committed 11136K, reserved 1048576K
}
Event: 1992.705 GC heap before
{Heap before GC invocations=22 (full 3):
 PSYoungGen      total 314368K, used 314105K [0x00000000e0000000, 0x00000000f8800000, 0x0000000100000000)
  eden space 295424K, 100% used [0x00000000e0000000,0x00000000f2080000,0x00000000f2080000)
  from space 18944K, 98% used [0x00000000f7580000,0x00000000f87be5a8,0x00000000f8800000)
  to   space 27648K, 0% used [0x00000000f5200000,0x00000000f5200000,0x00000000f6d00000)
 ParOldGen       total 144896K, used 70196K [0x00000000a0000000, 0x00000000a8d80000, 0x00000000e0000000)
  object space 144896K, 48% used [0x00000000a0000000,0x00000000a448d228,0x00000000a8d80000)
 Metaspace       used 73742K, capacity 79952K, committed 80128K, reserved 1118208K
  class space    used 9852K, capacity 11168K, committed 11264K, reserved 1048576K
Event: 1992.735 GC heap after
Heap after GC invocations=22 (full 3):
 PSYoungGen      total 293888K, used 9558K [0x00000000e0000000, 0x00000000f7600000, 0x0000000100000000)
  eden space 284160K, 0% used [0x00000000e0000000,0x00000000e0000000,0x00000000f1580000)
  from space 9728K, 98% used [0x00000000f5200000,0x00000000f5b55890,0x00000000f5b80000)
  to   space 27136K, 0% used [0x00000000f5b80000,0x00000000f5b80000,0x00000000f7600000)
 ParOldGen       total 144896K, used 70204K [0x00000000a0000000, 0x00000000a8d80000, 0x00000000e0000000)
  object space 144896K, 48% used [0x00000000a0000000,0x00000000a448f228,0x00000000a8d80000)
 Metaspace       used 73742K, capacity 79952K, committed 80128K, reserved 1118208K
  class space    used 9852K, capacity 11168K, committed 11264K, reserved 1048576K
}
Event: 1998.972 GC heap before
{Heap before GC invocations=23 (full 3):
 PSYoungGen      total 293888K, used 293718K [0x00000000e0000000, 0x00000000f7600000, 0x0000000100000000)
  eden space 284160K, 100% used [0x00000000e0000000,0x00000000f1580000,0x00000000f1580000)
  from space 9728K, 98% used [0x00000000f5200000,0x00000000f5b55890,0x00000000f5b80000)
  to   space 27136K, 0% used [0x00000000f5b80000,0x00000000f5b80000,0x00000000f7600000)
 ParOldGen       total 144896K, used 70204K [0x00000000a0000000, 0x00000000a8d80000, 0x00000000e0000000)
  object space 144896K, 48% used [0x00000000a0000000,0x00000000a448f228,0x00000000a8d80000)
 Metaspace       used 73992K, capacity 80270K, committed 80384K, reserved 1118208K
  class space    used 9870K, capacity 11199K, committed 11264K, reserved 1048576K
Event: 1999.002 GC heap after
Heap after GC invocations=23 (full 3):
 PSYoungGen      total 290816K, used 17244K [0x00000000e0000000, 0x00000000f6c80000, 0x0000000100000000)
  eden space 273408K, 0% used [0x00000000e0000000,0x00000000e0000000,0x00000000f0b00000)
  from space 17408K, 99% used [0x00000000f5b80000,0x00000000f6c57138,0x00000000f6c80000)
  to   space 27136K, 0% used [0x00000000f3780000,0x00000000f3780000,0x00000000f5200000)
 ParOldGen       total 144896K, used 70212K [0x00000000a0000000, 0x00000000a8d80000, 0x00000000e0000000)
  object space 144896K, 48% used [0x00000000a0000000,0x00000000a4491228,0x00000000a8d80000)
 Metaspace       used 73992K, capacity 80270K, committed 80384K, reserved 1118208K
  class space    used 9870K, capacity 11199K, committed 11264K, reserved 1048576K
}
Event: 2727.891 GC heap before
{Heap before GC invocations=24 (full 3):
 PSYoungGen      total 290816K, used 290652K [0x00000000e0000000, 0x00000000f6c80000, 0x0000000100000000)
  eden space 273408K, 100% used [0x00000000e0000000,0x00000000f0b00000,0x00000000f0b00000)
  from space 17408K, 99% used [0x00000000f5b80000,0x00000000f6c57138,0x00000000f6c80000)
  to   space 27136K, 0% used [0x00000000f3780000,0x00000000f3780000,0x00000000f5200000)
 ParOldGen       total 144896K, used 70212K [0x00000000a0000000, 0x00000000a8d80000, 0x00000000e0000000)
  object space 144896K, 48% used [0x00000000a0000000,0x00000000a4491228,0x00000000a8d80000)
 Metaspace       used 74092K, capacity 80472K, committed 80640K, reserved 1118208K
  class space    used 9882K, capacity 11242K, committed 11264K, reserved 1048576K
Event: 2727.905 GC heap after
Heap after GC invocations=24 (full 3):
 PSYoungGen      total 274432K, used 10757K [0x00000000e0000000, 0x00000000f5c00000, 0x0000000100000000)
  eden space 263168K, 0% used [0x00000000e0000000,0x00000000e0000000,0x00000000f0100000)
  from space 11264K, 95% used [0x00000000f3780000,0x00000000f4201420,0x00000000f4280000)
  to   space 26112K, 0% used [0x00000000f4280000,0x00000000f4280000,0x00000000f5c00000)
 ParOldGen       total 144896K, used 70220K [0x00000000a0000000, 0x00000000a8d80000, 0x00000000e0000000)
  object space 144896K, 48% used [0x00000000a0000000,0x00000000a4493228,0x00000000a8d80000)
 Metaspace       used 74092K, capacity 80472K, committed 80640K, reserved 1118208K
  class space    used 9882K, capacity 11242K, committed 11264K, reserved 1048576K
}
Event: 2731.978 GC heap before
{Heap before GC invocations=25 (full 3):
 PSYoungGen      total 274432K, used 273539K [0x00000000e0000000, 0x00000000f5c00000, 0x0000000100000000)
  eden space 263168K, 99% used [0x00000000e0000000,0x00000000f009fbd0,0x00000000f0100000)
  from space 11264K, 95% used [0x00000000f3780000,0x00000000f4201420,0x00000000f4280000)
  to   space 26112K, 0% used [0x00000000f4280000,0x00000000f4280000,0x00000000f5c00000)
 ParOldGen       total 144896K, used 70220K [0x00000000a0000000, 0x00000000a8d80000, 0x00000000e0000000)
  object space 144896K, 48% used [0x00000000a0000000,0x00000000a4493228,0x00000000a8d80000)
 Metaspace       used 74207K, capacity 80542K, committed 80640K, reserved 1118208K
  class space    used 9885K, capacity 11243K, committed 11264K, reserved 1048576K
Event: 2731.997 GC heap after
Heap after GC invocations=25 (full 3):
 PSYoungGen      total 270336K, used 16624K [0x00000000e0000000, 0x00000000f5300000, 0x0000000100000000)
  eden space 253440K, 0% used [0x00000000e0000000,0x00000000e0000000,0x00000000ef780000)
  from space 16896K, 98% used [0x00000000f4280000,0x00000000f52bc258,0x00000000f5300000)
  to   space 26112K, 0% used [0x00000000f2000000,0x00000000f2000000,0x00000000f3980000)
 ParOldGen       total 144896K, used 70228K [0x00000000a0000000, 0x00000000a8d80000, 0x00000000e0000000)
  object space 144896K, 48% used [0x00000000a0000000,0x00000000a4495228,0x00000000a8d80000)
 Metaspace       used 74207K, capacity 80542K, committed 80640K, reserved 1118208K
  class space    used 9885K, capacity 11243K, committed 11264K, reserved 1048576K
}

Deoptimization events (10 events):
Event: 2728.638 Thread 0x00000000595a8800 Uncommon trap: reason=class_check action=maybe_recompile pc=0x00000000057e2620 method=com.android.utils.XmlUtils.append(Lcom/android/utils/XmlUtils$PositionAwareStringBuilder;Lorg/w3c/dom/Node;Ljava/util/Map;)V @ 222
Event: 2728.638 Thread 0x00000000595a8800 Uncommon trap: reason=class_check action=maybe_recompile pc=0x00000000057e0e6c method=com.android.utils.XmlUtils.append(Lcom/android/utils/XmlUtils$PositionAwareStringBuilder;Lorg/w3c/dom/Node;Ljava/util/Map;)V @ 171
Event: 2728.638 Thread 0x00000000595a8800 Uncommon trap: reason=unstable_if action=reinterpret pc=0x000000000351c88c method=java.io.File.equals(Ljava/lang/Object;)Z @ 1
Event: 2728.650 Thread 0x00000000595a8800 Uncommon trap: reason=unstable_if action=reinterpret pc=0x00000000057ddf70 method=com.android.utils.XmlUtils.append(Lcom/android/utils/XmlUtils$PositionAwareStringBuilder;Lorg/w3c/dom/Node;Ljava/util/Map;)V @ 450
Event: 2729.050 Thread 0x00000000595a8800 Uncommon trap: reason=class_check action=maybe_recompile pc=0x00000000051eeab4 method=com.android.ide.common.res2.NodeUtils.duplicateNode(Lorg/w3c/dom/Document;Lorg/w3c/dom/Node;)Lorg/w3c/dom/Node; @ 1
Event: 2729.050 Thread 0x00000000595a8800 Uncommon trap: reason=class_check action=maybe_recompile pc=0x00000000051eeab4 method=com.android.ide.common.res2.NodeUtils.duplicateNode(Lorg/w3c/dom/Document;Lorg/w3c/dom/Node;)Lorg/w3c/dom/Node; @ 1
Event: 2729.050 Thread 0x00000000595a8800 Uncommon trap: reason=class_check action=maybe_recompile pc=0x00000000051eeab4 method=com.android.ide.common.res2.NodeUtils.duplicateNode(Lorg/w3c/dom/Document;Lorg/w3c/dom/Node;)Lorg/w3c/dom/Node; @ 1
Event: 2729.050 Thread 0x00000000595a8800 Uncommon trap: reason=unstable_if action=reinterpret pc=0x00000000051de914 method=org.apache.xerces.dom.ParentNode.checkNormalizationAfterInsert(Lorg/apache/xerces/dom/ChildNode;)V @ 27
Event: 2729.050 Thread 0x00000000595a8800 Uncommon trap: reason=class_check action=maybe_recompile pc=0x00000000051eeab4 method=com.android.ide.common.res2.NodeUtils.duplicateNode(Lorg/w3c/dom/Document;Lorg/w3c/dom/Node;)Lorg/w3c/dom/Node; @ 1
Event: 2731.260 Thread 0x00000000595a8000 Uncommon trap: reason=unstable_if action=reinterpret pc=0x0000000005688ed0 method=java.util.TimSort.mergeLo(IIII)V @ 487

Internal exceptions (10 events):
Event: 2727.697 Thread 0x000000005959f000 Exception <a 'sun/nio/fs/WindowsException'> (0x00000000ed99f6a0) thrown at [C:\re\workspace\8-2-build-windows-amd64-cygwin\jdk8u131\8869\hotspot\src\share\vm\prims\jni.cpp, line 709]
Event: 2727.697 Thread 0x000000005959f000 Exception <a 'sun/nio/fs/WindowsException'> (0x00000000ed9a1de8) thrown at [C:\re\workspace\8-2-build-windows-amd64-cygwin\jdk8u131\8869\hotspot\src\share\vm\prims\jni.cpp, line 709]
Event: 2727.697 Thread 0x000000005959f000 Exception <a 'sun/nio/fs/WindowsException'> (0x00000000ed9a2940) thrown at [C:\re\workspace\8-2-build-windows-amd64-cygwin\jdk8u131\8869\hotspot\src\share\vm\prims\jni.cpp, line 709]
Event: 2727.697 Thread 0x000000005959f000 Exception <a 'sun/nio/fs/WindowsException'> (0x00000000ed9a44e0) thrown at [C:\re\workspace\8-2-build-windows-amd64-cygwin\jdk8u131\8869\hotspot\src\share\vm\prims\jni.cpp, line 709]
Event: 2727.697 Thread 0x000000005959f000 Exception <a 'sun/nio/fs/WindowsException'> (0x00000000ed9a5070) thrown at [C:\re\workspace\8-2-build-windows-amd64-cygwin\jdk8u131\8869\hotspot\src\share\vm\prims\jni.cpp, line 709]
Event: 2728.638 Thread 0x00000000595a8800 Implicit null exception at 0x000000000351c1df to 0x000000000351c879
Event: 2732.943 Thread 0x000000005959f000 Exception <a 'sun/nio/fs/WindowsException'> (0x00000000e8f03a38) thrown at [C:\re\workspace\8-2-build-windows-amd64-cygwin\jdk8u131\8869\hotspot\src\share\vm\prims\jni.cpp, line 709]
Event: 3327.644 Thread 0x00000000595a1000 Exception <a 'sun/nio/fs/WindowsException'> (0x00000000e9276098) thrown at [C:\re\workspace\8-2-build-windows-amd64-cygwin\jdk8u131\8869\hotspot\src\share\vm\prims\jni.cpp, line 709]
Event: 5132.793 Thread 0x000000005959c000 Exception <a 'java/lang/ClassNotFoundException': sync_local_repo834_6fqiilxtzn2wba5l6gv02uygsBeanInfo> (0x00000000eac3ce58) thrown at [C:\re\workspace\8-2-build-windows-amd64-cygwin\jdk8u131\8869\hotspot\src\share\vm\classfile\systemDictionary.cpp, line 2
Event: 5132.795 Thread 0x000000005959c000 Exception <a 'java/lang/ClassNotFoundException': sync_local_repo834_6fqiilxtzn2wba5l6gv02uygsCustomizer> (0x00000000eac47938) thrown at [C:\re\workspace\8-2-build-windows-amd64-cygwin\jdk8u131\8869\hotspot\src\share\vm\classfile\systemDictionary.cpp, line

Events (10 events):
Event: 5132.793 loading class sync_local_repo834_6fqiilxtzn2wba5l6gv02uygsBeanInfo
Event: 5132.793 loading class sync_local_repo834_6fqiilxtzn2wba5l6gv02uygsBeanInfo done
Event: 5132.793 loading class sync_local_repo834_6fqiilxtzn2wba5l6gv02uygsBeanInfo
Event: 5132.793 loading class sync_local_repo834_6fqiilxtzn2wba5l6gv02uygsBeanInfo done
Event: 5132.793 loading class sync_local_repo834_6fqiilxtzn2wba5l6gv02uygsCustomizer
Event: 5132.793 loading class sync_local_repo834_6fqiilxtzn2wba5l6gv02uygsCustomizer done
Event: 5132.795 loading class sync_local_repo834_6fqiilxtzn2wba5l6gv02uygsCustomizer
Event: 5132.795 loading class sync_local_repo834_6fqiilxtzn2wba5l6gv02uygsCustomizer done
Event: 5132.797 loading class groovy/runtime/metaclass/sync_local_repo834_6fqiilxtzn2wba5l6gv02uygs$_run_closure1MetaClass
Event: 5132.797 loading class groovy/runtime/metaclass/sync_local_repo834_6fqiilxtzn2wba5l6gv02uygs$_run_closure1MetaClass done


Dynamic libraries:
0x000000013f910000 - 0x000000013f947000 	C:\JAVA\jdk1.8.0_131\bin\java.exe
0x00000000778a0000 - 0x0000000077a4a000 	C:\Windows\SYSTEM32\ntdll.dll
0x0000000077640000 - 0x000000007775f000 	C:\Windows\system32\kernel32.dll
0x000007fefd450000 - 0x000007fefd4ba000 	C:\Windows\system32\KERNELBASE.dll
0x000007fefecf0000 - 0x000007fefedcb000 	C:\Windows\system32\ADVAPI32.dll
0x000007feff260000 - 0x000007feff2ff000 	C:\Windows\system32\msvcrt.dll
0x000007feff840000 - 0x000007feff85f000 	C:\Windows\SYSTEM32\sechost.dll
0x000007fefd8c0000 - 0x000007fefd9ed000 	C:\Windows\system32\RPCRT4.dll
0x0000000077540000 - 0x000000007763a000 	C:\Windows\system32\USER32.dll
0x000007fefeff0000 - 0x000007feff057000 	C:\Windows\system32\GDI32.dll
0x000007fefefe0000 - 0x000007fefefee000 	C:\Windows\system32\LPK.dll
0x000007feff310000 - 0x000007feff3db000 	C:\Windows\system32\USP10.dll
0x000007fefbac0000 - 0x000007fefbcb4000 	C:\Windows\WinSxS\amd64_microsoft.windows.common-controls_6595b64144ccf1df_6.0.7601.18837_none_fa3b1e3d17594757\COMCTL32.dll
0x000007fefd7c0000 - 0x000007fefd831000 	C:\Windows\system32\SHLWAPI.dll
0x000007fefe780000 - 0x000007fefe7ae000 	C:\Windows\system32\IMM32.DLL
0x000007fefedd0000 - 0x000007fefeed9000 	C:\Windows\system32\MSCTF.dll
0x000007fefd2a0000 - 0x000007fefd2d0000 	C:\Windows\system32\nvinitx.dll
0x000007fefd290000 - 0x000007fefd29c000 	C:\Windows\system32\VERSION.dll
0x0000000074900000 - 0x0000000074906000 	C:\Program Files\NVIDIA Corporation\CoProcManager\detoured.dll
0x000007fef90d0000 - 0x000007fef9108000 	C:\Program Files\NVIDIA Corporation\CoProcManager\nvd3d9wrapx.dll
0x000007feff9d0000 - 0x000007feffba7000 	C:\Windows\system32\SETUPAPI.dll
0x000007fefd720000 - 0x000007fefd756000 	C:\Windows\system32\CFGMGR32.dll
0x000007fefea80000 - 0x000007fefeb5a000 	C:\Windows\system32\OLEAUT32.dll
0x000007feff060000 - 0x000007feff25c000 	C:\Windows\system32\ole32.dll
0x000007fefd3f0000 - 0x000007fefd40a000 	C:\Windows\system32\DEVOBJ.dll
0x000007fef9040000 - 0x000007fef9064000 	C:\Program Files\NVIDIA Corporation\CoProcManager\nvdxgiwrapx.dll
0x00000000787a0000 - 0x0000000078872000 	C:\JAVA\jdk1.8.0_131\jre\bin\msvcr100.dll
0x00000000702b0000 - 0x0000000070b4c000 	C:\JAVA\jdk1.8.0_131\jre\bin\server\jvm.dll
0x000007fef4fe0000 - 0x000007fef4fe9000 	C:\Windows\system32\WSOCK32.dll
0x000007feff980000 - 0x000007feff9cd000 	C:\Windows\system32\WS2_32.dll
0x000007feff300000 - 0x000007feff308000 	C:\Windows\system32\NSI.dll
0x00000000001c0000 - 0x00000000001fb000 	C:\Windows\system32\WINMM.dll
0x0000000077a60000 - 0x0000000077a67000 	C:\Windows\system32\PSAPI.DLL
0x0000000000470000 - 0x000000000047f000 	C:\JAVA\jdk1.8.0_131\jre\bin\verify.dll
0x000000006d020000 - 0x000000006d049000 	C:\JAVA\jdk1.8.0_131\jre\bin\java.dll
0x00000000004b0000 - 0x00000000004c6000 	C:\JAVA\jdk1.8.0_131\jre\bin\zip.dll
0x000007fefd9f0000 - 0x000007fefe77a000 	C:\Windows\system32\SHELL32.dll
0x000007fefd370000 - 0x000007fefd37f000 	C:\Windows\system32\profapi.dll
0x0000000002460000 - 0x000000000247a000 	C:\JAVA\jdk1.8.0_131\jre\bin\net.dll
0x000007fefcaf0000 - 0x000007fefcb45000 	C:\Windows\system32\mswsock.dll
0x000007fefcae0000 - 0x000007fefcae7000 	C:\Windows\System32\wship6.dll
0x00000000700c0000 - 0x00000000700d1000 	C:\JAVA\jdk1.8.0_131\jre\bin\nio.dll
0x000007fef1740000 - 0x000007fef175e000 	C:\Users\jhren\.gradle\wrapper\dists\gradle-3.3-all\55gk2rcmfc6p2dg9u9ohc3hw9\native\25\windows-amd64\native-platform.dll
0x000000006f850000 - 0x000000006f85d000 	C:\JAVA\jdk1.8.0_131\jre\bin\management.dll
0x000007fefcb50000 - 0x000007fefcb68000 	C:\Windows\system32\CRYPTSP.dll
0x000007fefc850000 - 0x000007fefc897000 	C:\Windows\system32\rsaenh.dll
0x000007fefd700000 - 0x000007fefd71e000 	C:\Windows\system32\USERENV.dll
0x000007fefd1c0000 - 0x000007fefd1cf000 	C:\Windows\system32\CRYPTBASE.dll
0x000007fef83d0000 - 0x000007fef83f7000 	C:\Windows\system32\IPHLPAPI.DLL
0x000007fef83c0000 - 0x000007fef83cb000 	C:\Windows\system32\WINNSI.DLL
0x000007fef7b90000 - 0x000007fef7ba1000 	C:\Windows\system32\dhcpcsvc6.DLL
0x000007fef7b70000 - 0x000007fef7b88000 	C:\Windows\system32\dhcpcsvc.DLL
0x000007fefd160000 - 0x000007fefd1b7000 	C:\Windows\system32\apphelp.dll

VM Arguments:
jvm_args: -Xmx1536m -Dfile.encoding=GBK -Duser.country=CN -Duser.language=zh -Duser.variant 
java_command: org.gradle.launcher.daemon.bootstrap.GradleDaemon 4.1
java_class_path (initial): C:\Users\jhren\.gradle\wrapper\dists\gradle-3.3-all\55gk2rcmfc6p2dg9u9ohc3hw9\wrapper\dists\gradle-4.1-all\bzyivzo6n839fup2jbap0tjew\gradle-4.1\lib\gradle-launcher-4.1.jar
Launcher Type: SUN_STANDARD

Environment Variables:
JAVA_HOME=C:\JAVA\jdk1.8.0_131
CLASSPATH=.;C:\JAVA\jdk1.8.0_131\lib;C:\JAVA\jdk1.8.0_131\lib\tools.jar
PATH=C:\Perl\site\bin;C:\Perl\bin;C:\ProgramData\Oracle\Java\javapath;C:\Windows\system32;%ANDROID_NDK_HOME%;C:\Android\Sdk\platform-tools;C:\Windows;C:\Windows\System32\Wbem;C:\Windows\System32\WindowsPowerShell\v1.0\;C:\Program Files (x86)\CMake\bin;C:\Program Files\Microsoft SQL Server\110\Tools\Binn\;C:\Program Files\Microsoft SQL Server\120\Tools\Binn\;C:\Program Files\TortoiseSVN\bin;C:\Program Files\Microsoft SQL Server\130\Tools\Binn\;c:\Program Files (x86)\Microsoft SQL Server\90\Tools\binn\;C:\Program Files (x86)\Linaro\gcc-linaro-arm-linux-gnueabihf-4.9-2014.09\bin;C:\Users\jhren\.dnx\bin;C:\Program Files\Microsoft DNX\Dnvm\;C:\Program Files\Git\cmd;C:\Program Files (x86)\Windows Kits\10\Windows Performance Toolkit\;c:\python27;c:\python27\scripts;C:\apache-ant-1.9.9-bin\apache-ant-1.9.9\bin;C:\JAVA\jdk1.8.0_131\bin;C:\JAVA\jdk1.8.0_131\jre\bin;C:\Program Files\nodejs\node_global;C:\Program Files\nodejs\;C:\Users\jhren\.gradle\wrapper\dists\gradle-3.3-all\55gk2rcmfc6p2dg9u9ohc3hw9\gradle-3.3\bin;C:\Program Files\MongoDB\Server\3.4\bin;C:\Android\Sdk;C:\cocos2d-x-3.15.1\tools\cocos2d-console\bin;C:\apache-ant-1.9.9-bin\apache-ant-1.9.9\bin;C:\Qt\Qt5.9.0\5.9\mingw53_32\bin;C:\Android\Sdk;C:\Android\Sdk\ndk-bundle;C:\Program Files\TortoiseGit\bin;C:\Program Files (x86)\NVIDIA Corporation\PhysX\Common;C:\Program Files\Intel\WiFi\bin\;C:\Program Files\Common Files\Intel\WirelessCommon\;C:\cocos2d-x-3.15.1\templates;C:\Program Files\nodejs\node_global;C:\Users\jhren\AppData\Roaming\npm;C:\Program Files\Intel\WiFi\bin\;C:\Program Files\Common Files\Intel\WirelessCommon\
USERNAME=jianhong.ren
OS=Windows_NT
PROCESSOR_IDENTIFIER=Intel64 Family 6 Model 78 Stepping 3, GenuineIntel



---------------  S Y S T E M  ---------------

OS: Windows 7 , 64 bit Build 7601 (6.1.7601.23915)

CPU:total 4 (initial active 4) (2 cores per cpu, 2 threads per core) family 6 model 78 stepping 3, cmov, cx8, fxsr, mmx, sse, sse2, sse3, ssse3, sse4.1, sse4.2, popcnt, avx, avx2, aes, clmul, erms, rtm, 3dnowpref, lzcnt, ht, tsc, tscinvbit, bmi1, bmi2, adx

Memory: 4k page, physical 8002632k(955880k free), swap 17030140k(3666296k free)

vm_info: Java HotSpot(TM) 64-Bit Server VM (25.131-b11) for windows-amd64 JRE (1.8.0_131-b11), built on Mar 15 2017 01:23:53 by "java_re" with MS VC++ 10.0 (VS2010)

time: Thu Feb 01 11:09:27 2018
elapsed time: 5132 seconds (0d 1h 25m 32s)

